<?xml version="1.0" encoding="UTF-8"?>
<coverage generated="1750510132">
  <project timestamp="1750510132" name="Clover Coverage">
    <file name="/home/scuppett/Development/php/php-k8s/src/Contracts/Attachable.php">
      <metrics loc="14" ncloc="9" classes="0" methods="0" coveredmethods="0" conditionals="0" coveredconditionals="0" statements="0" coveredstatements="0" elements="0" coveredelements="0"/>
    </file>
    <file name="/home/scuppett/Development/php/php-k8s/src/Contracts/Dnsable.php">
      <metrics loc="14" ncloc="9" classes="0" methods="0" coveredmethods="0" conditionals="0" coveredconditionals="0" statements="0" coveredstatements="0" elements="0" coveredelements="0"/>
    </file>
    <file name="/home/scuppett/Development/php/php-k8s/src/Contracts/Executable.php">
      <metrics loc="14" ncloc="9" classes="0" methods="0" coveredmethods="0" conditionals="0" coveredconditionals="0" statements="0" coveredstatements="0" elements="0" coveredelements="0"/>
    </file>
    <file name="/home/scuppett/Development/php/php-k8s/src/Contracts/InteractsWithK8sCluster.php">
      <metrics loc="29" ncloc="13" classes="0" methods="0" coveredmethods="0" conditionals="0" coveredconditionals="0" statements="0" coveredstatements="0" elements="0" coveredelements="0"/>
    </file>
    <file name="/home/scuppett/Development/php/php-k8s/src/Contracts/Loggable.php">
      <metrics loc="14" ncloc="9" classes="0" methods="0" coveredmethods="0" conditionals="0" coveredconditionals="0" statements="0" coveredstatements="0" elements="0" coveredelements="0"/>
    </file>
    <file name="/home/scuppett/Development/php/php-k8s/src/Contracts/Podable.php">
      <metrics loc="14" ncloc="9" classes="0" methods="0" coveredmethods="0" conditionals="0" coveredconditionals="0" statements="0" coveredstatements="0" elements="0" coveredelements="0"/>
    </file>
    <file name="/home/scuppett/Development/php/php-k8s/src/Contracts/Scalable.php">
      <metrics loc="14" ncloc="9" classes="0" methods="0" coveredmethods="0" conditionals="0" coveredconditionals="0" statements="0" coveredstatements="0" elements="0" coveredelements="0"/>
    </file>
    <file name="/home/scuppett/Development/php/php-k8s/src/Contracts/Watchable.php">
      <metrics loc="21" ncloc="11" classes="0" methods="0" coveredmethods="0" conditionals="0" coveredconditionals="0" statements="0" coveredstatements="0" elements="0" coveredelements="0"/>
    </file>
    <package name="RenokiCo\PhpK8s\Exceptions">
      <file name="/home/scuppett/Development/php/php-k8s/src/Exceptions/KubeConfigBaseEncodedDataInvalid.php">
        <class name="RenokiCo\PhpK8s\Exceptions\KubeConfigBaseEncodedDataInvalid" namespace="RenokiCo\PhpK8s\Exceptions">
          <metrics complexity="0" methods="0" coveredmethods="0" conditionals="0" coveredconditionals="0" statements="0" coveredstatements="0" elements="0" coveredelements="0"/>
        </class>
        <metrics loc="9" ncloc="8" classes="0" methods="0" coveredmethods="0" conditionals="0" coveredconditionals="0" statements="0" coveredstatements="0" elements="0" coveredelements="0"/>
      </file>
      <file name="/home/scuppett/Development/php/php-k8s/src/Exceptions/KubeConfigClusterNotFound.php">
        <class name="RenokiCo\PhpK8s\Exceptions\KubeConfigClusterNotFound" namespace="RenokiCo\PhpK8s\Exceptions">
          <metrics complexity="0" methods="0" coveredmethods="0" conditionals="0" coveredconditionals="0" statements="0" coveredstatements="0" elements="0" coveredelements="0"/>
        </class>
        <metrics loc="9" ncloc="8" classes="0" methods="0" coveredmethods="0" conditionals="0" coveredconditionals="0" statements="0" coveredstatements="0" elements="0" coveredelements="0"/>
      </file>
      <file name="/home/scuppett/Development/php/php-k8s/src/Exceptions/KubeConfigContextNotFound.php">
        <class name="RenokiCo\PhpK8s\Exceptions\KubeConfigContextNotFound" namespace="RenokiCo\PhpK8s\Exceptions">
          <metrics complexity="0" methods="0" coveredmethods="0" conditionals="0" coveredconditionals="0" statements="0" coveredstatements="0" elements="0" coveredelements="0"/>
        </class>
        <metrics loc="9" ncloc="8" classes="0" methods="0" coveredmethods="0" conditionals="0" coveredconditionals="0" statements="0" coveredstatements="0" elements="0" coveredelements="0"/>
      </file>
      <file name="/home/scuppett/Development/php/php-k8s/src/Exceptions/KubeConfigUserNotFound.php">
        <class name="RenokiCo\PhpK8s\Exceptions\KubeConfigUserNotFound" namespace="RenokiCo\PhpK8s\Exceptions">
          <metrics complexity="0" methods="0" coveredmethods="0" conditionals="0" coveredconditionals="0" statements="0" coveredstatements="0" elements="0" coveredelements="0"/>
        </class>
        <metrics loc="9" ncloc="8" classes="0" methods="0" coveredmethods="0" conditionals="0" coveredconditionals="0" statements="0" coveredstatements="0" elements="0" coveredelements="0"/>
      </file>
      <file name="/home/scuppett/Development/php/php-k8s/src/Exceptions/KubernetesAPIException.php">
        <class name="RenokiCo\PhpK8s\Exceptions\KubernetesAPIException" namespace="RenokiCo\PhpK8s\Exceptions">
          <metrics complexity="0" methods="0" coveredmethods="0" conditionals="0" coveredconditionals="0" statements="0" coveredstatements="0" elements="0" coveredelements="0"/>
        </class>
        <metrics loc="9" ncloc="8" classes="0" methods="0" coveredmethods="0" conditionals="0" coveredconditionals="0" statements="0" coveredstatements="0" elements="0" coveredelements="0"/>
      </file>
      <file name="/home/scuppett/Development/php/php-k8s/src/Exceptions/KubernetesAttachException.php">
        <class name="RenokiCo\PhpK8s\Exceptions\KubernetesAttachException" namespace="RenokiCo\PhpK8s\Exceptions">
          <metrics complexity="0" methods="0" coveredmethods="0" conditionals="0" coveredconditionals="0" statements="0" coveredstatements="0" elements="0" coveredelements="0"/>
        </class>
        <metrics loc="9" ncloc="8" classes="0" methods="0" coveredmethods="0" conditionals="0" coveredconditionals="0" statements="0" coveredstatements="0" elements="0" coveredelements="0"/>
      </file>
      <file name="/home/scuppett/Development/php/php-k8s/src/Exceptions/KubernetesExecException.php">
        <class name="RenokiCo\PhpK8s\Exceptions\KubernetesExecException" namespace="RenokiCo\PhpK8s\Exceptions">
          <metrics complexity="0" methods="0" coveredmethods="0" conditionals="0" coveredconditionals="0" statements="0" coveredstatements="0" elements="0" coveredelements="0"/>
        </class>
        <metrics loc="9" ncloc="8" classes="0" methods="0" coveredmethods="0" conditionals="0" coveredconditionals="0" statements="0" coveredstatements="0" elements="0" coveredelements="0"/>
      </file>
      <file name="/home/scuppett/Development/php/php-k8s/src/Exceptions/KubernetesLogsException.php">
        <class name="RenokiCo\PhpK8s\Exceptions\KubernetesLogsException" namespace="RenokiCo\PhpK8s\Exceptions">
          <metrics complexity="0" methods="0" coveredmethods="0" conditionals="0" coveredconditionals="0" statements="0" coveredstatements="0" elements="0" coveredelements="0"/>
        </class>
        <metrics loc="9" ncloc="8" classes="0" methods="0" coveredmethods="0" conditionals="0" coveredconditionals="0" statements="0" coveredstatements="0" elements="0" coveredelements="0"/>
      </file>
      <file name="/home/scuppett/Development/php/php-k8s/src/Exceptions/KubernetesScalingException.php">
        <class name="RenokiCo\PhpK8s\Exceptions\KubernetesScalingException" namespace="RenokiCo\PhpK8s\Exceptions">
          <metrics complexity="0" methods="0" coveredmethods="0" conditionals="0" coveredconditionals="0" statements="0" coveredstatements="0" elements="0" coveredelements="0"/>
        </class>
        <metrics loc="9" ncloc="8" classes="0" methods="0" coveredmethods="0" conditionals="0" coveredconditionals="0" statements="0" coveredstatements="0" elements="0" coveredelements="0"/>
      </file>
      <file name="/home/scuppett/Development/php/php-k8s/src/Exceptions/KubernetesWatchException.php">
        <class name="RenokiCo\PhpK8s\Exceptions\KubernetesWatchException" namespace="RenokiCo\PhpK8s\Exceptions">
          <metrics complexity="0" methods="0" coveredmethods="0" conditionals="0" coveredconditionals="0" statements="0" coveredstatements="0" elements="0" coveredelements="0"/>
        </class>
        <metrics loc="9" ncloc="8" classes="0" methods="0" coveredmethods="0" conditionals="0" coveredconditionals="0" statements="0" coveredstatements="0" elements="0" coveredelements="0"/>
      </file>
      <file name="/home/scuppett/Development/php/php-k8s/src/Exceptions/PhpK8sException.php">
        <class name="RenokiCo\PhpK8s\Exceptions\PhpK8sException" namespace="RenokiCo\PhpK8s\Exceptions">
          <metrics complexity="2" methods="2" coveredmethods="0" conditionals="0" coveredconditionals="0" statements="3" coveredstatements="0" elements="5" coveredelements="0"/>
        </class>
        <line num="23" type="method" name="__construct" visibility="public" complexity="1" crap="2" count="0"/>
        <line num="25" type="stmt" count="0"/>
        <line num="27" type="stmt" count="0"/>
        <line num="35" type="method" name="getPayload" visibility="public" complexity="1" crap="2" count="0"/>
        <line num="37" type="stmt" count="0"/>
        <metrics loc="40" ncloc="23" classes="1" methods="2" coveredmethods="0" conditionals="0" coveredconditionals="0" statements="3" coveredstatements="0" elements="5" coveredelements="0"/>
      </file>
    </package>
    <package name="RenokiCo\PhpK8s\Instances">
      <file name="/home/scuppett/Development/php/php-k8s/src/Instances/Affinity.php">
        <class name="RenokiCo\PhpK8s\Instances\Affinity" namespace="RenokiCo\PhpK8s\Instances">
          <metrics complexity="24" methods="4" coveredmethods="4" conditionals="0" coveredconditionals="0" statements="57" coveredstatements="57" elements="61" coveredelements="61"/>
        </class>
        <line num="15" type="method" name="addPreference" visibility="public" complexity="6" crap="6" count="1"/>
        <line num="17" type="stmt" count="1"/>
        <line num="18" type="stmt" count="1"/>
        <line num="19" type="stmt" count="1"/>
        <line num="23" type="stmt" count="1"/>
        <line num="24" type="stmt" count="1"/>
        <line num="25" type="stmt" count="1"/>
        <line num="29" type="stmt" count="1"/>
        <line num="30" type="stmt" count="1"/>
        <line num="31" type="stmt" count="1"/>
        <line num="33" type="stmt" count="1"/>
        <line num="34" type="stmt" count="1"/>
        <line num="37" type="stmt" count="1"/>
        <line num="38" type="stmt" count="1"/>
        <line num="39" type="stmt" count="1"/>
        <line num="40" type="stmt" count="1"/>
        <line num="51" type="method" name="addNodeSelectorPreference" visibility="public" complexity="6" crap="6" count="1"/>
        <line num="53" type="stmt" count="1"/>
        <line num="54" type="stmt" count="1"/>
        <line num="55" type="stmt" count="1"/>
        <line num="59" type="stmt" count="1"/>
        <line num="60" type="stmt" count="1"/>
        <line num="61" type="stmt" count="1"/>
        <line num="65" type="stmt" count="1"/>
        <line num="66" type="stmt" count="1"/>
        <line num="67" type="stmt" count="1"/>
        <line num="69" type="stmt" count="1"/>
        <line num="70" type="stmt" count="1"/>
        <line num="73" type="stmt" count="1"/>
        <line num="74" type="stmt" count="1"/>
        <line num="75" type="stmt" count="1"/>
        <line num="76" type="stmt" count="1"/>
        <line num="86" type="method" name="addNodeRequirement" visibility="public" complexity="6" crap="6" count="1"/>
        <line num="88" type="stmt" count="1"/>
        <line num="89" type="stmt" count="1"/>
        <line num="90" type="stmt" count="1"/>
        <line num="94" type="stmt" count="1"/>
        <line num="95" type="stmt" count="1"/>
        <line num="96" type="stmt" count="1"/>
        <line num="100" type="stmt" count="1"/>
        <line num="101" type="stmt" count="1"/>
        <line num="102" type="stmt" count="1"/>
        <line num="104" type="stmt" count="1"/>
        <line num="105" type="stmt" count="1"/>
        <line num="108" type="stmt" count="1"/>
        <line num="119" type="method" name="addLabelSelectorRequirement" visibility="public" complexity="6" crap="6" count="1"/>
        <line num="121" type="stmt" count="1"/>
        <line num="122" type="stmt" count="1"/>
        <line num="123" type="stmt" count="1"/>
        <line num="127" type="stmt" count="1"/>
        <line num="128" type="stmt" count="1"/>
        <line num="129" type="stmt" count="1"/>
        <line num="133" type="stmt" count="1"/>
        <line num="134" type="stmt" count="1"/>
        <line num="135" type="stmt" count="1"/>
        <line num="137" type="stmt" count="1"/>
        <line num="138" type="stmt" count="1"/>
        <line num="141" type="stmt" count="1"/>
        <line num="142" type="stmt" count="1"/>
        <line num="143" type="stmt" count="1"/>
        <line num="144" type="stmt" count="1"/>
        <metrics loc="147" ncloc="116" classes="1" methods="4" coveredmethods="4" conditionals="0" coveredconditionals="0" statements="57" coveredstatements="57" elements="61" coveredelements="61"/>
      </file>
      <file name="/home/scuppett/Development/php/php-k8s/src/Instances/Container.php">
        <class name="RenokiCo\PhpK8s\Instances\Container" namespace="RenokiCo\PhpK8s\Instances">
          <metrics complexity="50" methods="30" coveredmethods="26" conditionals="0" coveredconditionals="0" statements="89" coveredstatements="85" elements="119" coveredelements="111"/>
        </class>
        <line num="14" type="method" name="setImage" visibility="public" complexity="1" crap="1" count="6"/>
        <line num="16" type="stmt" count="6"/>
        <line num="27" type="method" name="addPort" visibility="public" complexity="1" crap="1" count="1"/>
        <line num="29" type="stmt" count="1"/>
        <line num="30" type="stmt" count="1"/>
        <line num="31" type="stmt" count="1"/>
        <line num="32" type="stmt" count="1"/>
        <line num="33" type="stmt" count="1"/>
        <line num="42" type="method" name="addMountedVolume" visibility="public" complexity="2" crap="2" count="5"/>
        <line num="44" type="stmt" count="5"/>
        <line num="45" type="stmt" count="5"/>
        <line num="48" type="stmt" count="5"/>
        <line num="57" type="method" name="addMountedVolumes" visibility="public" complexity="2" crap="2" count="5"/>
        <line num="59" type="stmt" count="5"/>
        <line num="60" type="stmt" count="5"/>
        <line num="63" type="stmt" count="5"/>
        <line num="72" type="method" name="setMountedVolumes" visibility="public" complexity="3" crap="3" count="2"/>
        <line num="74" type="stmt" count="2"/>
        <line num="75" type="stmt" count="2"/>
        <line num="76" type="stmt" count="2"/>
        <line num="80" type="stmt" count="2"/>
        <line num="89" type="method" name="getMountedVolumes" visibility="public" complexity="3" crap="3" count="6"/>
        <line num="91" type="stmt" count="6"/>
        <line num="93" type="stmt" count="6"/>
        <line num="94" type="stmt" count="6"/>
        <line num="95" type="stmt" count="6"/>
        <line num="99" type="stmt" count="6"/>
        <line num="110" type="method" name="addSecretKeyRef" visibility="public" complexity="1" crap="1" count="1"/>
        <line num="112" type="stmt" count="1"/>
        <line num="113" type="stmt" count="1"/>
        <line num="114" type="stmt" count="1"/>
        <line num="115" type="stmt" count="1"/>
        <line num="116" type="stmt" count="1"/>
        <line num="117" type="stmt" count="1"/>
        <line num="118" type="stmt" count="1"/>
        <line num="119" type="stmt" count="1"/>
        <line num="128" type="method" name="addSecretKeyRefs" visibility="public" complexity="2" crap="2" count="1"/>
        <line num="130" type="stmt" count="1"/>
        <line num="131" type="stmt" count="1"/>
        <line num="134" type="stmt" count="1"/>
        <line num="145" type="method" name="addConfigMapRef" visibility="public" complexity="1" crap="1" count="1"/>
        <line num="147" type="stmt" count="1"/>
        <line num="148" type="stmt" count="1"/>
        <line num="149" type="stmt" count="1"/>
        <line num="150" type="stmt" count="1"/>
        <line num="151" type="stmt" count="1"/>
        <line num="152" type="stmt" count="1"/>
        <line num="153" type="stmt" count="1"/>
        <line num="154" type="stmt" count="1"/>
        <line num="163" type="method" name="addConfigMapRefs" visibility="public" complexity="2" crap="2" count="1"/>
        <line num="165" type="stmt" count="1"/>
        <line num="166" type="stmt" count="1"/>
        <line num="169" type="stmt" count="1"/>
        <line num="180" type="method" name="addFieldRef" visibility="public" complexity="1" crap="1" count="1"/>
        <line num="182" type="stmt" count="1"/>
        <line num="183" type="stmt" count="1"/>
        <line num="184" type="stmt" count="1"/>
        <line num="185" type="stmt" count="1"/>
        <line num="186" type="stmt" count="1"/>
        <line num="187" type="stmt" count="1"/>
        <line num="188" type="stmt" count="1"/>
        <line num="197" type="method" name="addFieldRefs" visibility="public" complexity="2" crap="2" count="1"/>
        <line num="199" type="stmt" count="1"/>
        <line num="200" type="stmt" count="1"/>
        <line num="203" type="stmt" count="1"/>
        <line num="213" type="method" name="addEnv" visibility="public" complexity="3" crap="3" count="1"/>
        <line num="216" type="stmt" count="1"/>
        <line num="217" type="stmt" count="1"/>
        <line num="220" type="stmt" count="1"/>
        <line num="229" type="method" name="addEnvs" visibility="public" complexity="2" crap="2" count="1"/>
        <line num="231" type="stmt" count="1"/>
        <line num="232" type="stmt" count="1"/>
        <line num="235" type="stmt" count="1"/>
        <line num="244" type="method" name="setEnv" visibility="public" complexity="3" crap="3.04" count="1"/>
        <line num="246" type="stmt" count="1"/>
        <line num="248" type="stmt" count="1"/>
        <line num="249" type="stmt" count="0"/>
        <line num="252" type="stmt" count="1"/>
        <line num="253" type="stmt" count="1"/>
        <line num="255" type="stmt" count="1"/>
        <line num="265" type="method" name="minMemory" visibility="public" complexity="1" crap="1" count="1"/>
        <line num="267" type="stmt" count="1"/>
        <line num="275" type="method" name="getMinMemory" visibility="public" complexity="1" crap="1" count="1"/>
        <line num="277" type="stmt" count="1"/>
        <line num="286" type="method" name="minCpu" visibility="public" complexity="1" crap="1" count="1"/>
        <line num="288" type="stmt" count="1"/>
        <line num="296" type="method" name="getMinCpu" visibility="public" complexity="1" crap="1" count="1"/>
        <line num="298" type="stmt" count="1"/>
        <line num="308" type="method" name="maxMemory" visibility="public" complexity="1" crap="1" count="1"/>
        <line num="310" type="stmt" count="1"/>
        <line num="318" type="method" name="getMaxMemory" visibility="public" complexity="1" crap="1" count="1"/>
        <line num="320" type="stmt" count="1"/>
        <line num="329" type="method" name="maxCpu" visibility="public" complexity="1" crap="1" count="1"/>
        <line num="331" type="stmt" count="1"/>
        <line num="339" type="method" name="getMaxCpu" visibility="public" complexity="1" crap="1" count="1"/>
        <line num="341" type="stmt" count="1"/>
        <line num="350" type="method" name="setReadinessProbe" visibility="public" complexity="1" crap="1" count="1"/>
        <line num="352" type="stmt" count="1"/>
        <line num="361" type="method" name="getReadinessProbe" visibility="public" complexity="3" crap="3.14" count="1"/>
        <line num="363" type="stmt" count="1"/>
        <line num="365" type="stmt" count="1"/>
        <line num="366" type="stmt" count="0"/>
        <line num="369" type="stmt" count="1"/>
        <line num="378" type="method" name="setLivenessProbe" visibility="public" complexity="1" crap="1" count="1"/>
        <line num="380" type="stmt" count="1"/>
        <line num="389" type="method" name="getLivenessProbe" visibility="public" complexity="3" crap="3.14" count="1"/>
        <line num="391" type="stmt" count="1"/>
        <line num="393" type="stmt" count="1"/>
        <line num="394" type="stmt" count="0"/>
        <line num="397" type="stmt" count="1"/>
        <line num="406" type="method" name="setStartupProbe" visibility="public" complexity="1" crap="1" count="1"/>
        <line num="408" type="stmt" count="1"/>
        <line num="417" type="method" name="getStartupProbe" visibility="public" complexity="3" crap="3.14" count="1"/>
        <line num="419" type="stmt" count="1"/>
        <line num="421" type="stmt" count="1"/>
        <line num="422" type="stmt" count="0"/>
        <line num="425" type="stmt" count="1"/>
        <line num="433" type="method" name="isReady" visibility="public" complexity="1" crap="1" count="1"/>
        <line num="435" type="stmt" count="1"/>
        <metrics loc="438" ncloc="249" classes="1" methods="30" coveredmethods="26" conditionals="0" coveredconditionals="0" statements="89" coveredstatements="85" elements="119" coveredelements="111"/>
      </file>
      <file name="/home/scuppett/Development/php/php-k8s/src/Instances/Expression.php">
        <class name="RenokiCo\PhpK8s\Instances\Expression" namespace="RenokiCo\PhpK8s\Instances">
          <metrics complexity="6" methods="6" coveredmethods="6" conditionals="0" coveredconditionals="0" statements="18" coveredstatements="18" elements="24" coveredelements="24"/>
        </class>
        <line num="14" type="method" name="in" visibility="public" complexity="1" crap="1" count="5"/>
        <line num="16" type="stmt" count="5"/>
        <line num="17" type="stmt" count="5"/>
        <line num="18" type="stmt" count="5"/>
        <line num="28" type="method" name="notIn" visibility="public" complexity="1" crap="1" count="1"/>
        <line num="30" type="stmt" count="1"/>
        <line num="31" type="stmt" count="1"/>
        <line num="32" type="stmt" count="1"/>
        <line num="41" type="method" name="exists" visibility="public" complexity="1" crap="1" count="1"/>
        <line num="43" type="stmt" count="1"/>
        <line num="44" type="stmt" count="1"/>
        <line num="45" type="stmt" count="1"/>
        <line num="54" type="method" name="doesNotExist" visibility="public" complexity="1" crap="1" count="1"/>
        <line num="56" type="stmt" count="1"/>
        <line num="57" type="stmt" count="1"/>
        <line num="58" type="stmt" count="1"/>
        <line num="68" type="method" name="greaterThan" visibility="public" complexity="1" crap="1" count="1"/>
        <line num="70" type="stmt" count="1"/>
        <line num="71" type="stmt" count="1"/>
        <line num="72" type="stmt" count="1"/>
        <line num="82" type="method" name="lessThan" visibility="public" complexity="1" crap="1" count="1"/>
        <line num="84" type="stmt" count="1"/>
        <line num="85" type="stmt" count="1"/>
        <line num="86" type="stmt" count="1"/>
        <metrics loc="89" ncloc="49" classes="1" methods="6" coveredmethods="6" conditionals="0" coveredconditionals="0" statements="18" coveredstatements="18" elements="24" coveredelements="24"/>
      </file>
      <file name="/home/scuppett/Development/php/php-k8s/src/Instances/Instance.php">
        <class name="RenokiCo\PhpK8s\Instances\Instance" namespace="RenokiCo\PhpK8s\Instances">
          <metrics complexity="2" methods="2" coveredmethods="2" conditionals="0" coveredconditionals="0" statements="2" coveredstatements="2" elements="4" coveredelements="4"/>
        </class>
        <line num="18" type="method" name="__construct" visibility="public" complexity="1" crap="1" count="18"/>
        <line num="20" type="stmt" count="18"/>
        <line num="28" type="method" name="toArray" visibility="public" complexity="1" crap="1" count="16"/>
        <line num="30" type="stmt" count="16"/>
        <metrics loc="33" ncloc="22" classes="1" methods="2" coveredmethods="2" conditionals="0" coveredconditionals="0" statements="2" coveredstatements="2" elements="4" coveredelements="4"/>
      </file>
      <file name="/home/scuppett/Development/php/php-k8s/src/Instances/MountedVolume.php">
        <class name="RenokiCo\PhpK8s\Instances\MountedVolume" namespace="RenokiCo\PhpK8s\Instances">
          <metrics complexity="4" methods="3" coveredmethods="2" conditionals="0" coveredconditionals="0" statements="6" coveredstatements="5" elements="9" coveredelements="7"/>
        </class>
        <line num="13" type="method" name="from" visibility="public" complexity="1" crap="1" count="6"/>
        <line num="15" type="stmt" count="6"/>
        <line num="23" type="method" name="readOnly" visibility="public" complexity="1" crap="2" count="0"/>
        <line num="25" type="stmt" count="0"/>
        <line num="35" type="method" name="mountTo" visibility="public" complexity="2" crap="2" count="6"/>
        <line num="37" type="stmt" count="6"/>
        <line num="39" type="stmt" count="6"/>
        <line num="40" type="stmt" count="2"/>
        <line num="43" type="stmt" count="6"/>
        <metrics loc="46" ncloc="28" classes="1" methods="3" coveredmethods="2" conditionals="0" coveredconditionals="0" statements="6" coveredstatements="5" elements="9" coveredelements="7"/>
      </file>
      <file name="/home/scuppett/Development/php/php-k8s/src/Instances/Probe.php">
        <class name="RenokiCo\PhpK8s\Instances\Probe" namespace="RenokiCo\PhpK8s\Instances">
          <metrics complexity="7" methods="5" coveredmethods="5" conditionals="0" coveredconditionals="0" statements="19" coveredstatements="19" elements="24" coveredelements="24"/>
        </class>
        <line num="13" type="method" name="__construct" visibility="public" complexity="1" crap="1" count="4"/>
        <line num="15" type="stmt" count="4"/>
        <line num="16" type="stmt" count="4"/>
        <line num="17" type="stmt" count="4"/>
        <line num="18" type="stmt" count="4"/>
        <line num="27" type="method" name="command" visibility="public" complexity="1" crap="1" count="2"/>
        <line num="29" type="stmt" count="2"/>
        <line num="37" type="method" name="getCommand" visibility="public" complexity="1" crap="1" count="2"/>
        <line num="39" type="stmt" count="2"/>
        <line num="51" type="method" name="http" visibility="public" complexity="2" crap="2" count="2"/>
        <line num="53" type="stmt" count="2"/>
        <line num="54" type="stmt" count="2"/>
        <line num="55" type="stmt" count="2"/>
        <line num="56" type="stmt" count="2"/>
        <line num="57" type="stmt" count="2"/>
        <line num="59" type="stmt" count="2"/>
        <line num="60" type="stmt" count="2"/>
        <line num="61" type="stmt" count="2"/>
        <line num="62" type="stmt" count="2"/>
        <line num="65" type="stmt" count="2"/>
        <line num="75" type="method" name="tcp" visibility="public" complexity="2" crap="2" count="2"/>
        <line num="77" type="stmt" count="2"/>
        <line num="78" type="stmt" count="1"/>
        <line num="81" type="stmt" count="2"/>
        <metrics loc="84" ncloc="51" classes="1" methods="5" coveredmethods="5" conditionals="0" coveredconditionals="0" statements="19" coveredstatements="19" elements="24" coveredelements="24"/>
      </file>
      <file name="/home/scuppett/Development/php/php-k8s/src/Instances/ResourceMetric.php">
        <class name="RenokiCo\PhpK8s\Instances\ResourceMetric" namespace="RenokiCo\PhpK8s\Instances">
          <metrics complexity="13" methods="13" coveredmethods="0" conditionals="0" coveredconditionals="0" statements="18" coveredstatements="0" elements="31" coveredelements="0"/>
        </class>
        <line num="19" type="method" name="cpu" visibility="public" complexity="1" crap="2" count="0"/>
        <line num="21" type="stmt" count="0"/>
        <line num="29" type="method" name="memory" visibility="public" complexity="1" crap="2" count="0"/>
        <line num="31" type="stmt" count="0"/>
        <line num="40" type="method" name="averageUtilization" visibility="public" complexity="1" crap="2" count="0"/>
        <line num="42" type="stmt" count="0"/>
        <line num="43" type="stmt" count="0"/>
        <line num="51" type="method" name="getAverageUtilization" visibility="public" complexity="1" crap="2" count="0"/>
        <line num="53" type="stmt" count="0"/>
        <line num="62" type="method" name="averageValue" visibility="public" complexity="1" crap="2" count="0"/>
        <line num="64" type="stmt" count="0"/>
        <line num="65" type="stmt" count="0"/>
        <line num="73" type="method" name="getAverageValue" visibility="public" complexity="1" crap="2" count="0"/>
        <line num="75" type="stmt" count="0"/>
        <line num="84" type="method" name="value" visibility="public" complexity="1" crap="2" count="0"/>
        <line num="86" type="stmt" count="0"/>
        <line num="87" type="stmt" count="0"/>
        <line num="95" type="method" name="getValue" visibility="public" complexity="1" crap="2" count="0"/>
        <line num="97" type="stmt" count="0"/>
        <line num="105" type="method" name="getType" visibility="public" complexity="1" crap="2" count="0"/>
        <line num="107" type="stmt" count="0"/>
        <line num="116" type="method" name="setMetric" visibility="public" complexity="1" crap="2" count="0"/>
        <line num="118" type="stmt" count="0"/>
        <line num="127" type="method" name="setName" visibility="public" complexity="1" crap="2" count="0"/>
        <line num="129" type="stmt" count="0"/>
        <line num="138" type="method" name="getName" visibility="public" complexity="1" crap="2" count="0"/>
        <line num="140" type="stmt" count="0"/>
        <line num="148" type="method" name="toArray" visibility="public" complexity="1" crap="2" count="0"/>
        <line num="150" type="stmt" count="0"/>
        <line num="151" type="stmt" count="0"/>
        <line num="152" type="stmt" count="0"/>
        <metrics loc="155" ncloc="79" classes="1" methods="13" coveredmethods="0" conditionals="0" coveredconditionals="0" statements="18" coveredstatements="0" elements="31" coveredelements="0"/>
      </file>
      <file name="/home/scuppett/Development/php/php-k8s/src/Instances/ResourceObject.php">
        <class name="RenokiCo\PhpK8s\Instances\ResourceObject" namespace="RenokiCo\PhpK8s\Instances">
          <metrics complexity="10" methods="10" coveredmethods="0" conditionals="0" coveredconditionals="0" statements="17" coveredstatements="0" elements="27" coveredelements="0"/>
        </class>
        <line num="22" type="method" name="setResource" visibility="public" complexity="1" crap="2" count="0"/>
        <line num="24" type="stmt" count="0"/>
        <line num="25" type="stmt" count="0"/>
        <line num="26" type="stmt" count="0"/>
        <line num="27" type="stmt" count="0"/>
        <line num="28" type="stmt" count="0"/>
        <line num="37" type="method" name="averageUtilization" visibility="public" complexity="1" crap="2" count="0"/>
        <line num="39" type="stmt" count="0"/>
        <line num="40" type="stmt" count="0"/>
        <line num="48" type="method" name="getAverageUtilization" visibility="public" complexity="1" crap="2" count="0"/>
        <line num="50" type="stmt" count="0"/>
        <line num="59" type="method" name="averageValue" visibility="public" complexity="1" crap="2" count="0"/>
        <line num="61" type="stmt" count="0"/>
        <line num="62" type="stmt" count="0"/>
        <line num="70" type="method" name="getAverageValue" visibility="public" complexity="1" crap="2" count="0"/>
        <line num="72" type="stmt" count="0"/>
        <line num="81" type="method" name="value" visibility="public" complexity="1" crap="2" count="0"/>
        <line num="83" type="stmt" count="0"/>
        <line num="84" type="stmt" count="0"/>
        <line num="92" type="method" name="getValue" visibility="public" complexity="1" crap="2" count="0"/>
        <line num="94" type="stmt" count="0"/>
        <line num="102" type="method" name="getType" visibility="public" complexity="1" crap="2" count="0"/>
        <line num="104" type="stmt" count="0"/>
        <line num="113" type="method" name="setName" visibility="public" complexity="1" crap="2" count="0"/>
        <line num="115" type="stmt" count="0"/>
        <line num="124" type="method" name="getName" visibility="public" complexity="1" crap="2" count="0"/>
        <line num="126" type="stmt" count="0"/>
        <metrics loc="129" ncloc="68" classes="1" methods="10" coveredmethods="0" conditionals="0" coveredconditionals="0" statements="17" coveredstatements="0" elements="27" coveredelements="0"/>
      </file>
      <file name="/home/scuppett/Development/php/php-k8s/src/Instances/Rule.php">
        <class name="RenokiCo\PhpK8s\Instances\Rule" namespace="RenokiCo\PhpK8s\Instances">
          <metrics complexity="14" methods="9" coveredmethods="9" conditionals="0" coveredconditionals="0" statements="19" coveredstatements="19" elements="28" coveredelements="28"/>
        </class>
        <line num="13" type="method" name="addApiGroup" visibility="public" complexity="1" crap="1" count="1"/>
        <line num="15" type="stmt" count="1"/>
        <line num="24" type="method" name="addApiGroups" visibility="public" complexity="2" crap="2" count="1"/>
        <line num="26" type="stmt" count="1"/>
        <line num="27" type="stmt" count="1"/>
        <line num="30" type="stmt" count="1"/>
        <line num="38" type="method" name="core" visibility="public" complexity="1" crap="1" count="1"/>
        <line num="40" type="stmt" count="1"/>
        <line num="49" type="method" name="addResource" visibility="public" complexity="2" crap="2" count="1"/>
        <line num="51" type="stmt" count="1"/>
        <line num="52" type="stmt" count="1"/>
        <line num="55" type="stmt" count="1"/>
        <line num="64" type="method" name="addResources" visibility="public" complexity="2" crap="2" count="1"/>
        <line num="66" type="stmt" count="1"/>
        <line num="67" type="stmt" count="1"/>
        <line num="70" type="stmt" count="1"/>
        <line num="79" type="method" name="addResourceName" visibility="public" complexity="1" crap="1" count="1"/>
        <line num="81" type="stmt" count="1"/>
        <line num="90" type="method" name="addResourceNames" visibility="public" complexity="2" crap="2" count="1"/>
        <line num="92" type="stmt" count="1"/>
        <line num="93" type="stmt" count="1"/>
        <line num="96" type="stmt" count="1"/>
        <line num="105" type="method" name="addVerb" visibility="public" complexity="1" crap="1" count="1"/>
        <line num="107" type="stmt" count="1"/>
        <line num="116" type="method" name="addVerbs" visibility="public" complexity="2" crap="2" count="1"/>
        <line num="118" type="stmt" count="1"/>
        <line num="119" type="stmt" count="1"/>
        <line num="122" type="stmt" count="1"/>
        <metrics loc="125" ncloc="72" classes="1" methods="9" coveredmethods="9" conditionals="0" coveredconditionals="0" statements="19" coveredstatements="19" elements="28" coveredelements="28"/>
      </file>
      <file name="/home/scuppett/Development/php/php-k8s/src/Instances/Subject.php">
        <class name="RenokiCo\PhpK8s\Instances\Subject" namespace="RenokiCo\PhpK8s\Instances">
          <metrics complexity="0" methods="0" coveredmethods="0" conditionals="0" coveredconditionals="0" statements="0" coveredstatements="0" elements="0" coveredelements="0"/>
        </class>
        <metrics loc="9" ncloc="8" classes="0" methods="0" coveredmethods="0" conditionals="0" coveredconditionals="0" statements="0" coveredstatements="0" elements="0" coveredelements="0"/>
      </file>
      <file name="/home/scuppett/Development/php/php-k8s/src/Instances/Volume.php">
        <class name="RenokiCo\PhpK8s\Instances\Volume" namespace="RenokiCo\PhpK8s\Instances">
          <metrics complexity="6" methods="6" coveredmethods="6" conditionals="0" coveredconditionals="0" statements="11" coveredstatements="11" elements="17" coveredelements="17"/>
        </class>
        <line num="17" type="method" name="emptyDirectory" visibility="public" complexity="1" crap="1" count="1"/>
        <line num="19" type="stmt" count="1"/>
        <line num="20" type="stmt" count="1"/>
        <line num="29" type="method" name="fromConfigMap" visibility="public" complexity="1" crap="1" count="1"/>
        <line num="31" type="stmt" count="1"/>
        <line num="32" type="stmt" count="1"/>
        <line num="41" type="method" name="fromSecret" visibility="public" complexity="1" crap="1" count="1"/>
        <line num="43" type="stmt" count="1"/>
        <line num="44" type="stmt" count="1"/>
        <line num="54" type="method" name="gcePersistentDisk" visibility="public" complexity="1" crap="1" count="1"/>
        <line num="56" type="stmt" count="1"/>
        <line num="57" type="stmt" count="1"/>
        <line num="67" type="method" name="awsEbs" visibility="public" complexity="1" crap="1" count="2"/>
        <line num="69" type="stmt" count="2"/>
        <line num="70" type="stmt" count="2"/>
        <line num="80" type="method" name="mountTo" visibility="public" complexity="1" crap="1" count="6"/>
        <line num="82" type="stmt" count="6"/>
        <metrics loc="85" ncloc="46" classes="1" methods="6" coveredmethods="6" conditionals="0" coveredconditionals="0" statements="11" coveredstatements="11" elements="17" coveredelements="17"/>
      </file>
      <file name="/home/scuppett/Development/php/php-k8s/src/Instances/Webhook.php">
        <class name="RenokiCo\PhpK8s\Instances\Webhook" namespace="RenokiCo\PhpK8s\Instances">
          <metrics complexity="3" methods="2" coveredmethods="0" conditionals="0" coveredconditionals="0" statements="4" coveredstatements="0" elements="6" coveredelements="0"/>
        </class>
        <line num="13" type="method" name="addRule" visibility="public" complexity="1" crap="2" count="0"/>
        <line num="15" type="stmt" count="0"/>
        <line num="24" type="method" name="addRules" visibility="public" complexity="2" crap="6" count="0"/>
        <line num="26" type="stmt" count="0"/>
        <line num="27" type="stmt" count="0"/>
        <line num="30" type="stmt" count="0"/>
        <metrics loc="33" ncloc="21" classes="1" methods="2" coveredmethods="0" conditionals="0" coveredconditionals="0" statements="4" coveredstatements="0" elements="6" coveredelements="0"/>
      </file>
    </package>
    <package name="RenokiCo\PhpK8s">
      <file name="/home/scuppett/Development/php/php-k8s/src/K8s.php">
        <class name="RenokiCo\PhpK8s\K8s" namespace="RenokiCo\PhpK8s">
          <metrics complexity="16" methods="7" coveredmethods="1" conditionals="0" coveredconditionals="0" statements="41" coveredstatements="1" elements="48" coveredelements="2"/>
        </class>
        <line num="28" type="method" name="fromYaml" visibility="public" complexity="4" crap="20" count="0"/>
        <line num="30" type="stmt" count="0"/>
        <line num="31" type="stmt" count="0"/>
        <line num="32" type="stmt" count="0"/>
        <line num="34" type="stmt" count="0"/>
        <line num="36" type="stmt" count="0"/>
        <line num="37" type="stmt" count="0"/>
        <line num="40" type="stmt" count="0"/>
        <line num="41" type="stmt" count="0"/>
        <line num="44" type="stmt" count="0"/>
        <line num="45" type="stmt" count="0"/>
        <line num="47" type="stmt" count="0"/>
        <line num="48" type="stmt" count="0"/>
        <line num="49" type="stmt" count="0"/>
        <line num="60" type="method" name="fromYamlFile" visibility="public" complexity="2" crap="6" count="0"/>
        <line num="62" type="stmt" count="0"/>
        <line num="64" type="stmt" count="0"/>
        <line num="65" type="stmt" count="0"/>
        <line num="68" type="stmt" count="0"/>
        <line num="82" type="method" name="fromTemplatedYamlFile" visibility="public" complexity="3" crap="12" count="0"/>
        <line num="84" type="stmt" count="0"/>
        <line num="85" type="stmt" count="0"/>
        <line num="86" type="stmt" count="0"/>
        <line num="89" type="stmt" count="0"/>
        <line num="90" type="stmt" count="0"/>
        <line num="100" type="method" name="registerCrd" visibility="public" complexity="2" crap="6" count="0"/>
        <line num="102" type="stmt" count="0"/>
        <line num="103" type="stmt" count="0"/>
        <line num="104" type="stmt" count="0"/>
        <line num="105" type="stmt" count="0"/>
        <line num="106" type="stmt" count="0"/>
        <line num="107" type="stmt" count="0"/>
        <line num="109" type="stmt" count="0"/>
        <line num="110" type="stmt" count="0"/>
        <line num="111" type="stmt" count="0"/>
        <line num="112" type="stmt" count="0"/>
        <line num="113" type="stmt" count="0"/>
        <line num="114" type="stmt" count="0"/>
        <line num="122" type="method" name="flushMacros" visibility="public" complexity="1" crap="1" count="21"/>
        <line num="124" type="stmt" count="21"/>
        <line num="134" type="method" name="__call" visibility="public" complexity="2" crap="6" count="0"/>
        <line num="136" type="stmt" count="0"/>
        <line num="137" type="stmt" count="0"/>
        <line num="140" type="stmt" count="0"/>
        <line num="150" type="method" name="__callStatic" visibility="public" complexity="2" crap="6" count="0"/>
        <line num="152" type="stmt" count="0"/>
        <line num="153" type="stmt" count="0"/>
        <line num="156" type="stmt" count="0"/>
        <metrics loc="159" ncloc="107" classes="1" methods="7" coveredmethods="1" conditionals="0" coveredconditionals="0" statements="41" coveredstatements="1" elements="48" coveredelements="2"/>
      </file>
      <file name="/home/scuppett/Development/php/php-k8s/src/KubernetesCluster.php">
        <class name="RenokiCo\PhpK8s\KubernetesCluster" namespace="RenokiCo\PhpK8s">
          <metrics complexity="31" methods="8" coveredmethods="1" conditionals="0" coveredconditionals="0" statements="68" coveredstatements="1" elements="76" coveredelements="2"/>
        </class>
        <line num="173" type="method" name="__construct" visibility="public" complexity="1" crap="1" count="21"/>
        <line num="175" type="stmt" count="21"/>
        <line num="184" type="method" name="setResourceClass" visibility="public" complexity="1" crap="2" count="0"/>
        <line num="186" type="stmt" count="0"/>
        <line num="188" type="stmt" count="0"/>
        <line num="202" type="method" name="runOperation" visibility="public" complexity="6" crap="42" count="0"/>
        <line num="205" type="stmt" count="0"/>
        <line num="207" type="stmt" count="0"/>
        <line num="209" type="stmt" count="0"/>
        <line num="211" type="stmt" count="0"/>
        <line num="213" type="stmt" count="0"/>
        <line num="216" type="stmt" count="0"/>
        <line num="218" type="stmt" count="0"/>
        <line num="229" type="method" name="watchPath" visibility="protected" complexity="3" crap="12" count="0"/>
        <line num="231" type="stmt" count="0"/>
        <line num="232" type="stmt" count="0"/>
        <line num="233" type="stmt" count="0"/>
        <line num="235" type="stmt" count="0"/>
        <line num="236" type="stmt" count="0"/>
        <line num="238" type="stmt" count="0"/>
        <line num="240" type="stmt" count="0"/>
        <line num="241" type="stmt" count="0"/>
        <line num="242" type="stmt" count="0"/>
        <line num="243" type="stmt" count="0"/>
        <line num="244" type="stmt" count="0"/>
        <line num="246" type="stmt" count="0"/>
        <line num="247" type="stmt" count="0"/>
        <line num="249" type="stmt" count="0"/>
        <line num="251" type="stmt" count="0"/>
        <line num="264" type="method" name="watchLogsPath" visibility="protected" complexity="3" crap="12" count="0"/>
        <line num="266" type="stmt" count="0"/>
        <line num="268" type="stmt" count="0"/>
        <line num="270" type="stmt" count="0"/>
        <line num="271" type="stmt" count="0"/>
        <line num="273" type="stmt" count="0"/>
        <line num="274" type="stmt" count="0"/>
        <line num="276" type="stmt" count="0"/>
        <line num="278" type="stmt" count="0"/>
        <line num="292" type="method" name="execPath" visibility="protected" complexity="5" crap="30" count="0"/>
        <line num="297" type="stmt" count="0"/>
        <line num="298" type="stmt" count="0"/>
        <line num="299" type="stmt" count="0"/>
        <line num="303" type="stmt" count="0"/>
        <line num="304" type="stmt" count="0"/>
        <line num="305" type="stmt" count="0"/>
        <line num="307" type="stmt" count="0"/>
        <line num="310" type="stmt" count="0"/>
        <line num="324" type="method" name="attachPath" visibility="protected" complexity="5" crap="30" count="0"/>
        <line num="330" type="stmt" count="0"/>
        <line num="331" type="stmt" count="0"/>
        <line num="332" type="stmt" count="0"/>
        <line num="336" type="stmt" count="0"/>
        <line num="337" type="stmt" count="0"/>
        <line num="338" type="stmt" count="0"/>
        <line num="340" type="stmt" count="0"/>
        <line num="343" type="stmt" count="0"/>
        <line num="354" type="method" name="__call" visibility="public" complexity="7" crap="56" count="0"/>
        <line num="358" type="stmt" count="0"/>
        <line num="359" type="stmt" count="0"/>
        <line num="363" type="stmt" count="0"/>
        <line num="364" type="stmt" count="0"/>
        <line num="365" type="stmt" count="0"/>
        <line num="366" type="stmt" count="0"/>
        <line num="372" type="stmt" count="0"/>
        <line num="373" type="stmt" count="0"/>
        <line num="375" type="stmt" count="0"/>
        <line num="377" type="stmt" count="0"/>
        <line num="378" type="stmt" count="0"/>
        <line num="384" type="stmt" count="0"/>
        <line num="385" type="stmt" count="0"/>
        <line num="387" type="stmt" count="0"/>
        <line num="389" type="stmt" count="0"/>
        <line num="390" type="stmt" count="0"/>
        <line num="391" type="stmt" count="0"/>
        <line num="392" type="stmt" count="0"/>
        <line num="396" type="stmt" count="0"/>
        <metrics loc="399" ncloc="201" classes="1" methods="8" coveredmethods="1" conditionals="0" coveredconditionals="0" statements="68" coveredstatements="1" elements="76" coveredelements="2"/>
      </file>
      <file name="/home/scuppett/Development/php/php-k8s/src/PhpK8sServiceProvider.php">
        <class name="RenokiCo\PhpK8s\PhpK8sServiceProvider" namespace="RenokiCo\PhpK8s">
          <metrics complexity="2" methods="2" coveredmethods="2" conditionals="0" coveredconditionals="0" statements="2" coveredstatements="2" elements="4" coveredelements="4"/>
        </class>
        <line num="14" type="method" name="boot" visibility="public" complexity="1" crap="1" count="21"/>
        <line num="17" type="stmt" count="21"/>
        <line num="24" type="method" name="register" visibility="public" complexity="1" crap="1" count="21"/>
        <line num="27" type="stmt" count="21"/>
        <metrics loc="29" ncloc="17" classes="1" methods="2" coveredmethods="2" conditionals="0" coveredconditionals="0" statements="2" coveredstatements="2" elements="4" coveredelements="4"/>
      </file>
      <file name="/home/scuppett/Development/php/php-k8s/src/ResourcesList.php">
        <class name="RenokiCo\PhpK8s\ResourcesList" namespace="RenokiCo\PhpK8s">
          <metrics complexity="0" methods="0" coveredmethods="0" conditionals="0" coveredconditionals="0" statements="0" coveredstatements="0" elements="0" coveredelements="0"/>
        </class>
        <metrics loc="11" ncloc="10" classes="0" methods="0" coveredmethods="0" conditionals="0" coveredconditionals="0" statements="0" coveredstatements="0" elements="0" coveredelements="0"/>
      </file>
    </package>
    <package name="RenokiCo\PhpK8s\Kinds">
      <file name="/home/scuppett/Development/php/php-k8s/src/Kinds/K8sClusterRole.php">
        <class name="RenokiCo\PhpK8s\Kinds\K8sClusterRole" namespace="RenokiCo\PhpK8s\Kinds">
          <metrics complexity="0" methods="0" coveredmethods="0" conditionals="0" coveredconditionals="0" statements="0" coveredstatements="0" elements="0" coveredelements="0"/>
        </class>
        <metrics loc="21" ncloc="11" classes="0" methods="0" coveredmethods="0" conditionals="0" coveredconditionals="0" statements="0" coveredstatements="0" elements="0" coveredelements="0"/>
      </file>
      <file name="/home/scuppett/Development/php/php-k8s/src/Kinds/K8sClusterRoleBinding.php">
        <class name="RenokiCo\PhpK8s\Kinds\K8sClusterRoleBinding" namespace="RenokiCo\PhpK8s\Kinds">
          <metrics complexity="0" methods="0" coveredmethods="0" conditionals="0" coveredconditionals="0" statements="0" coveredstatements="0" elements="0" coveredelements="0"/>
        </class>
        <metrics loc="21" ncloc="11" classes="0" methods="0" coveredmethods="0" conditionals="0" coveredconditionals="0" statements="0" coveredstatements="0" elements="0" coveredelements="0"/>
      </file>
      <file name="/home/scuppett/Development/php/php-k8s/src/Kinds/K8sConfigMap.php">
        <class name="RenokiCo\PhpK8s\Kinds\K8sConfigMap" namespace="RenokiCo\PhpK8s\Kinds">
          <metrics complexity="5" methods="4" coveredmethods="1" conditionals="0" coveredconditionals="0" statements="6" coveredstatements="1" elements="10" coveredelements="2"/>
        </class>
        <line num="33" type="method" name="getData" visibility="public" complexity="2" crap="6" count="0"/>
        <line num="35" type="stmt" count="0"/>
        <line num="36" type="stmt" count="0"/>
        <line num="39" type="stmt" count="0"/>
        <line num="48" type="method" name="setData" visibility="public" complexity="1" crap="1" count="1"/>
        <line num="50" type="stmt" count="1"/>
        <line num="60" type="method" name="addData" visibility="public" complexity="1" crap="2" count="0"/>
        <line num="62" type="stmt" count="0"/>
        <line num="71" type="method" name="removeData" visibility="public" complexity="1" crap="2" count="0"/>
        <line num="73" type="stmt" count="0"/>
        <metrics loc="76" ncloc="41" classes="1" methods="4" coveredmethods="1" conditionals="0" coveredconditionals="0" statements="6" coveredstatements="1" elements="10" coveredelements="2"/>
      </file>
      <file name="/home/scuppett/Development/php/php-k8s/src/Kinds/K8sCronJob.php">
        <class name="RenokiCo\PhpK8s\Kinds\K8sCronJob" namespace="RenokiCo\PhpK8s\Kinds">
          <metrics complexity="11" methods="6" coveredmethods="0" conditionals="0" coveredconditionals="0" statements="20" coveredstatements="0" elements="26" coveredelements="0"/>
        </class>
        <line num="46" type="method" name="setJobTemplate" visibility="public" complexity="2" crap="6" count="0"/>
        <line num="48" type="stmt" count="0"/>
        <line num="49" type="stmt" count="0"/>
        <line num="52" type="stmt" count="0"/>
        <line num="61" type="method" name="getJobTemplate" visibility="public" complexity="2" crap="6" count="0"/>
        <line num="63" type="stmt" count="0"/>
        <line num="65" type="stmt" count="0"/>
        <line num="66" type="stmt" count="0"/>
        <line num="69" type="stmt" count="0"/>
        <line num="78" type="method" name="setSchedule" visibility="public" complexity="2" crap="6" count="0"/>
        <line num="80" type="stmt" count="0"/>
        <line num="81" type="stmt" count="0"/>
        <line num="84" type="stmt" count="0"/>
        <line num="93" type="method" name="getSchedule" visibility="public" complexity="2" crap="6" count="0"/>
        <line num="95" type="stmt" count="0"/>
        <line num="97" type="stmt" count="0"/>
        <line num="98" type="stmt" count="0"/>
        <line num="101" type="stmt" count="0"/>
        <line num="109" type="method" name="getLastSchedule" visibility="public" complexity="2" crap="6" count="0"/>
        <line num="111" type="stmt" count="0"/>
        <line num="112" type="stmt" count="0"/>
        <line num="115" type="stmt" count="0"/>
        <line num="123" type="method" name="getActiveJobs" visibility="public" complexity="1" crap="2" count="0"/>
        <line num="125" type="stmt" count="0"/>
        <line num="126" type="stmt" count="0"/>
        <line num="127" type="stmt" count="0"/>
        <metrics loc="130" ncloc="81" classes="1" methods="6" coveredmethods="0" conditionals="0" coveredconditionals="0" statements="20" coveredstatements="0" elements="26" coveredelements="0"/>
      </file>
      <file name="/home/scuppett/Development/php/php-k8s/src/Kinds/K8sDaemonSet.php">
        <class name="RenokiCo\PhpK8s\Kinds\K8sDaemonSet" namespace="RenokiCo\PhpK8s\Kinds">
          <metrics complexity="10" methods="8" coveredmethods="0" conditionals="0" coveredconditionals="0" statements="14" coveredstatements="0" elements="22" coveredelements="0"/>
        </class>
        <line num="56" type="method" name="setUpdateStrategy" visibility="public" complexity="2" crap="6" count="0"/>
        <line num="58" type="stmt" count="0"/>
        <line num="59" type="stmt" count="0"/>
        <line num="62" type="stmt" count="0"/>
        <line num="70" type="method" name="podsSelector" visibility="public" complexity="2" crap="6" count="0"/>
        <line num="72" type="stmt" count="0"/>
        <line num="73" type="stmt" count="0"/>
        <line num="76" type="stmt" count="0"/>
        <line num="77" type="stmt" count="0"/>
        <line num="78" type="stmt" count="0"/>
        <line num="86" type="method" name="getScheduledCount" visibility="public" complexity="1" crap="2" count="0"/>
        <line num="88" type="stmt" count="0"/>
        <line num="96" type="method" name="getMisscheduledCount" visibility="public" complexity="1" crap="2" count="0"/>
        <line num="98" type="stmt" count="0"/>
        <line num="106" type="method" name="getNodesCount" visibility="public" complexity="1" crap="2" count="0"/>
        <line num="108" type="stmt" count="0"/>
        <line num="116" type="method" name="getDesiredCount" visibility="public" complexity="1" crap="2" count="0"/>
        <line num="118" type="stmt" count="0"/>
        <line num="126" type="method" name="getReadyCount" visibility="public" complexity="1" crap="2" count="0"/>
        <line num="128" type="stmt" count="0"/>
        <line num="136" type="method" name="getUnavailableClount" visibility="public" complexity="1" crap="2" count="0"/>
        <line num="138" type="stmt" count="0"/>
        <metrics loc="141" ncloc="84" classes="1" methods="8" coveredmethods="0" conditionals="0" coveredconditionals="0" statements="14" coveredstatements="0" elements="22" coveredelements="0"/>
      </file>
      <file name="/home/scuppett/Development/php/php-k8s/src/Kinds/K8sDeployment.php">
        <class name="RenokiCo\PhpK8s\Kinds\K8sDeployment" namespace="RenokiCo\PhpK8s\Kinds">
          <metrics complexity="8" methods="6" coveredmethods="0" conditionals="0" coveredconditionals="0" statements="13" coveredstatements="0" elements="19" coveredelements="0"/>
        </class>
        <line num="66" type="method" name="setUpdateStrategy" visibility="public" complexity="2" crap="6" count="0"/>
        <line num="68" type="stmt" count="0"/>
        <line num="69" type="stmt" count="0"/>
        <line num="70" type="stmt" count="0"/>
        <line num="73" type="stmt" count="0"/>
        <line num="81" type="method" name="podsSelector" visibility="public" complexity="2" crap="6" count="0"/>
        <line num="83" type="stmt" count="0"/>
        <line num="84" type="stmt" count="0"/>
        <line num="87" type="stmt" count="0"/>
        <line num="88" type="stmt" count="0"/>
        <line num="89" type="stmt" count="0"/>
        <line num="97" type="method" name="getAvailableReplicasCount" visibility="public" complexity="1" crap="2" count="0"/>
        <line num="99" type="stmt" count="0"/>
        <line num="107" type="method" name="getReadyReplicasCount" visibility="public" complexity="1" crap="2" count="0"/>
        <line num="109" type="stmt" count="0"/>
        <line num="117" type="method" name="getDesiredReplicasCount" visibility="public" complexity="1" crap="2" count="0"/>
        <line num="119" type="stmt" count="0"/>
        <line num="127" type="method" name="getUnavailableReplicasCount" visibility="public" complexity="1" crap="2" count="0"/>
        <line num="129" type="stmt" count="0"/>
        <metrics loc="132" ncloc="84" classes="1" methods="6" coveredmethods="0" conditionals="0" coveredconditionals="0" statements="13" coveredstatements="0" elements="19" coveredelements="0"/>
      </file>
      <file name="/home/scuppett/Development/php/php-k8s/src/Kinds/K8sEvent.php">
        <class name="RenokiCo\PhpK8s\Kinds\K8sEvent" namespace="RenokiCo\PhpK8s\Kinds">
          <metrics complexity="3" methods="2" coveredmethods="0" conditionals="0" coveredconditionals="0" statements="10" coveredstatements="0" elements="12" coveredelements="0"/>
        </class>
        <line num="30" type="method" name="setResource" visibility="public" complexity="2" crap="6" count="0"/>
        <line num="32" type="stmt" count="0"/>
        <line num="33" type="stmt" count="0"/>
        <line num="34" type="stmt" count="0"/>
        <line num="35" type="stmt" count="0"/>
        <line num="36" type="stmt" count="0"/>
        <line num="37" type="stmt" count="0"/>
        <line num="39" type="stmt" count="0"/>
        <line num="40" type="stmt" count="0"/>
        <line num="43" type="stmt" count="0"/>
        <line num="54" type="method" name="emitOrUpdate" visibility="public" complexity="1" crap="2" count="0"/>
        <line num="56" type="stmt" count="0"/>
        <metrics loc="59" ncloc="35" classes="1" methods="2" coveredmethods="0" conditionals="0" coveredconditionals="0" statements="10" coveredstatements="0" elements="12" coveredelements="0"/>
      </file>
      <file name="/home/scuppett/Development/php/php-k8s/src/Kinds/K8sHorizontalPodAutoscaler.php">
        <class name="RenokiCo\PhpK8s\Kinds\K8sHorizontalPodAutoscaler" namespace="RenokiCo\PhpK8s\Kinds">
          <metrics complexity="14" methods="11" coveredmethods="0" conditionals="0" coveredconditionals="0" statements="20" coveredstatements="0" elements="31" coveredelements="0"/>
        </class>
        <line num="46" type="method" name="setResource" visibility="public" complexity="1" crap="2" count="0"/>
        <line num="48" type="stmt" count="0"/>
        <line num="49" type="stmt" count="0"/>
        <line num="50" type="stmt" count="0"/>
        <line num="51" type="stmt" count="0"/>
        <line num="52" type="stmt" count="0"/>
        <line num="61" type="method" name="addMetric" visibility="public" complexity="1" crap="2" count="0"/>
        <line num="63" type="stmt" count="0"/>
        <line num="72" type="method" name="addMetrics" visibility="public" complexity="2" crap="6" count="0"/>
        <line num="74" type="stmt" count="0"/>
        <line num="75" type="stmt" count="0"/>
        <line num="78" type="stmt" count="0"/>
        <line num="87" type="method" name="setMetrics" visibility="public" complexity="3" crap="12" count="0"/>
        <line num="89" type="stmt" count="0"/>
        <line num="90" type="stmt" count="0"/>
        <line num="91" type="stmt" count="0"/>
        <line num="95" type="stmt" count="0"/>
        <line num="103" type="method" name="getMetrics" visibility="public" complexity="1" crap="2" count="0"/>
        <line num="105" type="stmt" count="0"/>
        <line num="114" type="method" name="min" visibility="public" complexity="1" crap="2" count="0"/>
        <line num="116" type="stmt" count="0"/>
        <line num="124" type="method" name="getMinReplicas" visibility="public" complexity="1" crap="2" count="0"/>
        <line num="126" type="stmt" count="0"/>
        <line num="135" type="method" name="max" visibility="public" complexity="1" crap="2" count="0"/>
        <line num="137" type="stmt" count="0"/>
        <line num="145" type="method" name="getMaxReplicas" visibility="public" complexity="1" crap="2" count="0"/>
        <line num="147" type="stmt" count="0"/>
        <line num="155" type="method" name="getCurrentReplicasCount" visibility="public" complexity="1" crap="2" count="0"/>
        <line num="157" type="stmt" count="0"/>
        <line num="165" type="method" name="getDesiredReplicasCount" visibility="public" complexity="1" crap="2" count="0"/>
        <line num="167" type="stmt" count="0"/>
        <metrics loc="170" ncloc="94" classes="1" methods="11" coveredmethods="0" conditionals="0" coveredconditionals="0" statements="20" coveredstatements="0" elements="31" coveredelements="0"/>
      </file>
      <file name="/home/scuppett/Development/php/php-k8s/src/Kinds/K8sIngress.php">
        <class name="RenokiCo\PhpK8s\Kinds\K8sIngress" namespace="RenokiCo\PhpK8s\Kinds">
          <metrics complexity="7" methods="6" coveredmethods="0" conditionals="0" coveredconditionals="0" statements="8" coveredstatements="0" elements="14" coveredelements="0"/>
        </class>
        <line num="40" type="method" name="setRules" visibility="public" complexity="1" crap="2" count="0"/>
        <line num="42" type="stmt" count="0"/>
        <line num="51" type="method" name="addRule" visibility="public" complexity="1" crap="2" count="0"/>
        <line num="53" type="stmt" count="0"/>
        <line num="62" type="method" name="addRules" visibility="public" complexity="2" crap="6" count="0"/>
        <line num="64" type="stmt" count="0"/>
        <line num="65" type="stmt" count="0"/>
        <line num="68" type="stmt" count="0"/>
        <line num="76" type="method" name="getRules" visibility="public" complexity="1" crap="2" count="0"/>
        <line num="78" type="stmt" count="0"/>
        <line num="87" type="method" name="setTls" visibility="public" complexity="1" crap="2" count="0"/>
        <line num="89" type="stmt" count="0"/>
        <line num="97" type="method" name="getTls" visibility="public" complexity="1" crap="2" count="0"/>
        <line num="99" type="stmt" count="0"/>
        <metrics loc="102" ncloc="53" classes="1" methods="6" coveredmethods="0" conditionals="0" coveredconditionals="0" statements="8" coveredstatements="0" elements="14" coveredelements="0"/>
      </file>
      <file name="/home/scuppett/Development/php/php-k8s/src/Kinds/K8sJob.php">
        <class name="RenokiCo\PhpK8s\Kinds\K8sJob" namespace="RenokiCo\PhpK8s\Kinds">
          <metrics complexity="14" methods="9" coveredmethods="0" conditionals="0" coveredconditionals="0" statements="19" coveredstatements="0" elements="28" coveredelements="0"/>
        </class>
        <line num="57" type="method" name="setTTL" visibility="public" complexity="1" crap="2" count="0"/>
        <line num="59" type="stmt" count="0"/>
        <line num="67" type="method" name="podsSelector" visibility="public" complexity="2" crap="6" count="0"/>
        <line num="69" type="stmt" count="0"/>
        <line num="70" type="stmt" count="0"/>
        <line num="73" type="stmt" count="0"/>
        <line num="74" type="stmt" count="0"/>
        <line num="75" type="stmt" count="0"/>
        <line num="83" type="method" name="getActivePodsCount" visibility="public" complexity="1" crap="2" count="0"/>
        <line num="85" type="stmt" count="0"/>
        <line num="93" type="method" name="getFailedPodsCount" visibility="public" complexity="1" crap="2" count="0"/>
        <line num="95" type="stmt" count="0"/>
        <line num="103" type="method" name="getSuccededPodsCount" visibility="public" complexity="1" crap="2" count="0"/>
        <line num="105" type="stmt" count="0"/>
        <line num="113" type="method" name="getStartTime" visibility="public" complexity="2" crap="6" count="0"/>
        <line num="115" type="stmt" count="0"/>
        <line num="117" type="stmt" count="0"/>
        <line num="125" type="method" name="getCompletionTime" visibility="public" complexity="2" crap="6" count="0"/>
        <line num="127" type="stmt" count="0"/>
        <line num="129" type="stmt" count="0"/>
        <line num="137" type="method" name="getDurationInSeconds" visibility="public" complexity="3" crap="12" count="0"/>
        <line num="139" type="stmt" count="0"/>
        <line num="140" type="stmt" count="0"/>
        <line num="142" type="stmt" count="0"/>
        <line num="143" type="stmt" count="0"/>
        <line num="144" type="stmt" count="0"/>
        <line num="152" type="method" name="hasCompleted" visibility="public" complexity="1" crap="2" count="0"/>
        <line num="154" type="stmt" count="0"/>
        <metrics loc="157" ncloc="96" classes="1" methods="9" coveredmethods="0" conditionals="0" coveredconditionals="0" statements="19" coveredstatements="0" elements="28" coveredelements="0"/>
      </file>
      <file name="/home/scuppett/Development/php/php-k8s/src/Kinds/K8sMutatingWebhookConfiguration.php">
        <class name="RenokiCo\PhpK8s\Kinds\K8sMutatingWebhookConfiguration" namespace="RenokiCo\PhpK8s\Kinds">
          <metrics complexity="0" methods="0" coveredmethods="0" conditionals="0" coveredconditionals="0" statements="0" coveredstatements="0" elements="0" coveredelements="0"/>
        </class>
        <metrics loc="36" ncloc="21" classes="0" methods="0" coveredmethods="0" conditionals="0" coveredconditionals="0" statements="0" coveredstatements="0" elements="0" coveredelements="0"/>
      </file>
      <file name="/home/scuppett/Development/php/php-k8s/src/Kinds/K8sNamespace.php">
        <class name="RenokiCo\PhpK8s\Kinds\K8sNamespace" namespace="RenokiCo\PhpK8s\Kinds">
          <metrics complexity="2" methods="2" coveredmethods="0" conditionals="0" coveredconditionals="0" statements="2" coveredstatements="0" elements="4" coveredelements="0"/>
        </class>
        <line num="27" type="method" name="isActive" visibility="public" complexity="1" crap="2" count="0"/>
        <line num="29" type="stmt" count="0"/>
        <line num="37" type="method" name="isTerminating" visibility="public" complexity="1" crap="2" count="0"/>
        <line num="39" type="stmt" count="0"/>
        <metrics loc="42" ncloc="27" classes="1" methods="2" coveredmethods="0" conditionals="0" coveredconditionals="0" statements="2" coveredstatements="0" elements="4" coveredelements="0"/>
      </file>
      <file name="/home/scuppett/Development/php/php-k8s/src/Kinds/K8sNode.php">
        <class name="RenokiCo\PhpK8s\Kinds\K8sNode" namespace="RenokiCo\PhpK8s\Kinds">
          <metrics complexity="4" methods="4" coveredmethods="0" conditionals="0" coveredconditionals="0" statements="4" coveredstatements="0" elements="8" coveredelements="0"/>
        </class>
        <line num="32" type="method" name="getInfo" visibility="public" complexity="1" crap="2" count="0"/>
        <line num="34" type="stmt" count="0"/>
        <line num="42" type="method" name="getImages" visibility="public" complexity="1" crap="2" count="0"/>
        <line num="44" type="stmt" count="0"/>
        <line num="52" type="method" name="getCapacity" visibility="public" complexity="1" crap="2" count="0"/>
        <line num="54" type="stmt" count="0"/>
        <line num="62" type="method" name="getAllocatableInfo" visibility="public" complexity="1" crap="2" count="0"/>
        <line num="64" type="stmt" count="0"/>
        <metrics loc="67" ncloc="37" classes="1" methods="4" coveredmethods="0" conditionals="0" coveredconditionals="0" statements="4" coveredstatements="0" elements="8" coveredelements="0"/>
      </file>
      <file name="/home/scuppett/Development/php/php-k8s/src/Kinds/K8sPersistentVolume.php">
        <class name="RenokiCo\PhpK8s\Kinds\K8sPersistentVolume" namespace="RenokiCo\PhpK8s\Kinds">
          <metrics complexity="5" methods="5" coveredmethods="0" conditionals="0" coveredconditionals="0" statements="5" coveredstatements="0" elements="10" coveredelements="0"/>
        </class>
        <line num="39" type="method" name="setSource" visibility="public" complexity="1" crap="2" count="0"/>
        <line num="41" type="stmt" count="0"/>
        <line num="51" type="method" name="setCapacity" visibility="public" complexity="1" crap="2" count="0"/>
        <line num="53" type="stmt" count="0"/>
        <line num="61" type="method" name="getCapacity" visibility="public" complexity="1" crap="2" count="0"/>
        <line num="63" type="stmt" count="0"/>
        <line num="71" type="method" name="isAvailable" visibility="public" complexity="1" crap="2" count="0"/>
        <line num="73" type="stmt" count="0"/>
        <line num="81" type="method" name="isBound" visibility="public" complexity="1" crap="2" count="0"/>
        <line num="83" type="stmt" count="0"/>
        <metrics loc="86" ncloc="52" classes="1" methods="5" coveredmethods="0" conditionals="0" coveredconditionals="0" statements="5" coveredstatements="0" elements="10" coveredelements="0"/>
      </file>
      <file name="/home/scuppett/Development/php/php-k8s/src/Kinds/K8sPersistentVolumeClaim.php">
        <class name="RenokiCo\PhpK8s\Kinds\K8sPersistentVolumeClaim" namespace="RenokiCo\PhpK8s\Kinds">
          <metrics complexity="4" methods="4" coveredmethods="0" conditionals="0" coveredconditionals="0" statements="4" coveredstatements="0" elements="8" coveredelements="0"/>
        </class>
        <line num="44" type="method" name="setCapacity" visibility="public" complexity="1" crap="2" count="0"/>
        <line num="46" type="stmt" count="0"/>
        <line num="54" type="method" name="getCapacity" visibility="public" complexity="1" crap="2" count="0"/>
        <line num="56" type="stmt" count="0"/>
        <line num="64" type="method" name="isAvailable" visibility="public" complexity="1" crap="2" count="0"/>
        <line num="66" type="stmt" count="0"/>
        <line num="74" type="method" name="isBound" visibility="public" complexity="1" crap="2" count="0"/>
        <line num="76" type="stmt" count="0"/>
        <metrics loc="79" ncloc="47" classes="1" methods="4" coveredmethods="0" conditionals="0" coveredconditionals="0" statements="4" coveredstatements="0" elements="8" coveredelements="0"/>
      </file>
      <file name="/home/scuppett/Development/php/php-k8s/src/Kinds/K8sPod.php">
        <class name="RenokiCo\PhpK8s\Kinds\K8sPod" namespace="RenokiCo\PhpK8s\Kinds">
          <metrics complexity="57" methods="31" coveredmethods="8" conditionals="0" coveredconditionals="0" statements="94" coveredstatements="35" elements="125" coveredelements="43"/>
        </class>
        <line num="52" type="method" name="getClusterDns" visibility="public" complexity="2" crap="6" count="0"/>
        <line num="54" type="stmt" count="0"/>
        <line num="56" type="stmt" count="0"/>
        <line num="65" type="method" name="setContainers" visibility="public" complexity="1" crap="1" count="5"/>
        <line num="67" type="stmt" count="5"/>
        <line num="68" type="stmt" count="5"/>
        <line num="69" type="stmt" count="5"/>
        <line num="70" type="stmt" count="5"/>
        <line num="79" type="method" name="setInitContainers" visibility="public" complexity="1" crap="2" count="0"/>
        <line num="81" type="stmt" count="0"/>
        <line num="82" type="stmt" count="0"/>
        <line num="83" type="stmt" count="0"/>
        <line num="84" type="stmt" count="0"/>
        <line num="93" type="method" name="getContainers" visibility="public" complexity="3" crap="12" count="0"/>
        <line num="95" type="stmt" count="0"/>
        <line num="97" type="stmt" count="0"/>
        <line num="98" type="stmt" count="0"/>
        <line num="99" type="stmt" count="0"/>
        <line num="103" type="stmt" count="0"/>
        <line num="112" type="method" name="getInitContainers" visibility="public" complexity="3" crap="12" count="0"/>
        <line num="114" type="stmt" count="0"/>
        <line num="116" type="stmt" count="0"/>
        <line num="117" type="stmt" count="0"/>
        <line num="118" type="stmt" count="0"/>
        <line num="122" type="stmt" count="0"/>
        <line num="131" type="method" name="addPulledSecret" visibility="public" complexity="1" crap="2" count="0"/>
        <line num="133" type="stmt" count="0"/>
        <line num="142" type="method" name="addPulledSecrets" visibility="public" complexity="2" crap="6" count="0"/>
        <line num="144" type="stmt" count="0"/>
        <line num="145" type="stmt" count="0"/>
        <line num="148" type="stmt" count="0"/>
        <line num="156" type="method" name="getPulledSecrets" visibility="public" complexity="1" crap="2" count="0"/>
        <line num="158" type="stmt" count="0"/>
        <line num="167" type="method" name="addVolume" visibility="public" complexity="2" crap="2" count="5"/>
        <line num="169" type="stmt" count="5"/>
        <line num="170" type="stmt" count="5"/>
        <line num="173" type="stmt" count="5"/>
        <line num="182" type="method" name="addVolumes" visibility="public" complexity="2" crap="2" count="5"/>
        <line num="184" type="stmt" count="5"/>
        <line num="185" type="stmt" count="5"/>
        <line num="188" type="stmt" count="5"/>
        <line num="197" type="method" name="setVolumes" visibility="public" complexity="3" crap="3" count="1"/>
        <line num="199" type="stmt" count="1"/>
        <line num="200" type="stmt" count="1"/>
        <line num="201" type="stmt" count="1"/>
        <line num="205" type="stmt" count="1"/>
        <line num="214" type="method" name="getVolumes" visibility="public" complexity="3" crap="3" count="5"/>
        <line num="216" type="stmt" count="5"/>
        <line num="218" type="stmt" count="5"/>
        <line num="219" type="stmt" count="5"/>
        <line num="220" type="stmt" count="5"/>
        <line num="224" type="stmt" count="5"/>
        <line num="233" type="method" name="restartOnFailure" visibility="public" complexity="1" crap="2" count="0"/>
        <line num="235" type="stmt" count="0"/>
        <line num="243" type="method" name="neverRestart" visibility="public" complexity="1" crap="2" count="0"/>
        <line num="245" type="stmt" count="0"/>
        <line num="253" type="method" name="getRestartPolicy" visibility="public" complexity="1" crap="2" count="0"/>
        <line num="255" type="stmt" count="0"/>
        <line num="264" type="method" name="setNodeAffinity" visibility="public" complexity="2" crap="2" count="3"/>
        <line num="266" type="stmt" count="3"/>
        <line num="267" type="stmt" count="3"/>
        <line num="270" type="stmt" count="3"/>
        <line num="279" type="method" name="getNodeAffinity" visibility="public" complexity="3" crap="3.14" count="3"/>
        <line num="281" type="stmt" count="3"/>
        <line num="283" type="stmt" count="3"/>
        <line num="284" type="stmt" count="0"/>
        <line num="287" type="stmt" count="3"/>
        <line num="296" type="method" name="setPodAffinity" visibility="public" complexity="2" crap="2" count="1"/>
        <line num="298" type="stmt" count="1"/>
        <line num="299" type="stmt" count="1"/>
        <line num="302" type="stmt" count="1"/>
        <line num="311" type="method" name="getPodAffinity" visibility="public" complexity="3" crap="3.14" count="1"/>
        <line num="313" type="stmt" count="1"/>
        <line num="315" type="stmt" count="1"/>
        <line num="316" type="stmt" count="0"/>
        <line num="319" type="stmt" count="1"/>
        <line num="328" type="method" name="transformContainersToArray" visibility="protected" complexity="3" crap="3" count="5"/>
        <line num="330" type="stmt" count="5"/>
        <line num="331" type="stmt" count="5"/>
        <line num="332" type="stmt" count="5"/>
        <line num="336" type="stmt" count="5"/>
        <line num="344" type="method" name="getPodIps" visibility="public" complexity="1" crap="2" count="0"/>
        <line num="346" type="stmt" count="0"/>
        <line num="354" type="method" name="getHostIp" visibility="public" complexity="1" crap="2" count="0"/>
        <line num="356" type="stmt" count="0"/>
        <line num="365" type="method" name="getContainerStatuses" visibility="public" complexity="3" crap="12" count="0"/>
        <line num="367" type="stmt" count="0"/>
        <line num="369" type="stmt" count="0"/>
        <line num="370" type="stmt" count="0"/>
        <line num="371" type="stmt" count="0"/>
        <line num="375" type="stmt" count="0"/>
        <line num="384" type="method" name="getInitContainerStatuses" visibility="public" complexity="3" crap="12" count="0"/>
        <line num="386" type="stmt" count="0"/>
        <line num="388" type="stmt" count="0"/>
        <line num="389" type="stmt" count="0"/>
        <line num="390" type="stmt" count="0"/>
        <line num="394" type="stmt" count="0"/>
        <line num="404" type="method" name="getContainer" visibility="public" complexity="2" crap="6" count="0"/>
        <line num="406" type="stmt" count="0"/>
        <line num="407" type="stmt" count="0"/>
        <line num="408" type="stmt" count="0"/>
        <line num="409" type="stmt" count="0"/>
        <line num="411" type="stmt" count="0"/>
        <line num="412" type="stmt" count="0"/>
        <line num="422" type="method" name="getInitContainer" visibility="public" complexity="2" crap="6" count="0"/>
        <line num="424" type="stmt" count="0"/>
        <line num="425" type="stmt" count="0"/>
        <line num="426" type="stmt" count="0"/>
        <line num="427" type="stmt" count="0"/>
        <line num="429" type="stmt" count="0"/>
        <line num="430" type="stmt" count="0"/>
        <line num="438" type="method" name="containersAreReady" visibility="public" complexity="1" crap="2" count="0"/>
        <line num="440" type="stmt" count="0"/>
        <line num="441" type="stmt" count="0"/>
        <line num="442" type="stmt" count="0"/>
        <line num="450" type="method" name="initContainersAreReady" visibility="public" complexity="1" crap="2" count="0"/>
        <line num="452" type="stmt" count="0"/>
        <line num="453" type="stmt" count="0"/>
        <line num="454" type="stmt" count="0"/>
        <line num="462" type="method" name="getQos" visibility="public" complexity="1" crap="2" count="0"/>
        <line num="464" type="stmt" count="0"/>
        <line num="472" type="method" name="isRunning" visibility="public" complexity="1" crap="2" count="0"/>
        <line num="474" type="stmt" count="0"/>
        <line num="482" type="method" name="isSuccessful" visibility="public" complexity="1" crap="2" count="0"/>
        <line num="484" type="stmt" count="0"/>
        <metrics loc="487" ncloc="300" classes="1" methods="31" coveredmethods="8" conditionals="0" coveredconditionals="0" statements="94" coveredstatements="35" elements="125" coveredelements="43"/>
      </file>
[...]
        </class>
        <line num="15" type="method" name="setName" visibility="public" complexity="1" crap="1" count="5"/>
        <line num="17" type="stmt" count="5"/>
        <line num="19" type="stmt" count="5"/>
        <line num="28" type="method" name="whereName" visibility="public" complexity="1" crap="2" count="0"/>
        <line num="30" type="stmt" count="0"/>
        <line num="38" type="method" name="getName" visibility="public" complexity="1" crap="1" count="2"/>
        <line num="40" type="stmt" count="2"/>
        <metrics loc="43" ncloc="26" classes="1" methods="3" coveredmethods="2" conditionals="0" coveredconditionals="0" statements="4" coveredstatements="3" elements="7" coveredelements="5"/>
      </file>
      <file name="/home/scuppett/Development/php/php-k8s/src/Traits/Resource/HasNamespace.php">
        <class name="RenokiCo\PhpK8s\Traits\Resource\HasNamespace" namespace="RenokiCo\PhpK8s\Traits\Resource">
          <metrics complexity="6" methods="4" coveredmethods="0" conditionals="0" coveredconditionals="0" statements="9" coveredstatements="0" elements="13" coveredelements="0"/>
        </class>
        <line num="31" type="method" name="setDefaultNamespace" visibility="public" complexity="1" crap="2" count="0"/>
        <line num="33" type="stmt" count="0"/>
        <line num="42" type="method" name="setNamespace" visibility="public" complexity="3" crap="12" count="0"/>
        <line num="44" type="stmt" count="0"/>
        <line num="45" type="stmt" count="0"/>
        <line num="48" type="stmt" count="0"/>
        <line num="49" type="stmt" count="0"/>
        <line num="52" type="stmt" count="0"/>
        <line num="54" type="stmt" count="0"/>
        <line num="63" type="method" name="whereNamespace" visibility="public" complexity="1" crap="2" count="0"/>
        <line num="65" type="stmt" count="0"/>
        <line num="73" type="method" name="getNamespace" visibility="public" complexity="1" crap="2" count="0"/>
        <line num="75" type="stmt" count="0"/>
        <metrics loc="78" ncloc="45" classes="1" methods="4" coveredmethods="0" conditionals="0" coveredconditionals="0" statements="9" coveredstatements="0" elements="13" coveredelements="0"/>
      </file>
      <file name="/home/scuppett/Development/php/php-k8s/src/Traits/Resource/HasPods.php">
        <class name="RenokiCo\PhpK8s\Traits\Resource\HasPods" namespace="RenokiCo\PhpK8s\Traits\Resource">
          <metrics complexity="7" methods="5" coveredmethods="0" conditionals="0" coveredconditionals="0" statements="17" coveredstatements="0" elements="22" coveredelements="0"/>
        </class>
        <line num="21" type="method" name="podsSelector" visibility="public" complexity="2" crap="6" count="0"/>
        <line num="23" type="stmt" count="0"/>
        <line num="24" type="stmt" count="0"/>
        <line num="27" type="stmt" count="0"/>
        <line num="28" type="stmt" count="0"/>
        <line num="29" type="stmt" count="0"/>
        <line num="37" type="method" name="resetPodsSelector" visibility="public" complexity="1" crap="2" count="0"/>
        <line num="39" type="stmt" count="0"/>
        <line num="48" type="method" name="selectPods" visibility="public" complexity="1" crap="2" count="0"/>
        <line num="50" type="stmt" count="0"/>
        <line num="59" type="method" name="getPods" visibility="public" complexity="1" crap="2" count="0"/>
        <line num="61" type="stmt" count="0"/>
        <line num="62" type="stmt" count="0"/>
        <line num="63" type="stmt" count="0"/>
        <line num="65" type="stmt" count="0"/>
        <line num="66" type="stmt" count="0"/>
        <line num="67" type="stmt" count="0"/>
        <line num="75" type="method" name="allPodsAreRunning" visibility="public" complexity="2" crap="6" count="0"/>
        <line num="77" type="stmt" count="0"/>
        <line num="79" type="stmt" count="0"/>
        <line num="80" type="stmt" count="0"/>
        <line num="81" type="stmt" count="0"/>
        <metrics loc="84" ncloc="52" classes="1" methods="5" coveredmethods="0" conditionals="0" coveredconditionals="0" statements="17" coveredstatements="0" elements="22" coveredelements="0"/>
      </file>
      <file name="/home/scuppett/Development/php/php-k8s/src/Traits/Resource/HasReplicas.php">
        <class name="RenokiCo\PhpK8s\Traits\Resource\HasReplicas" namespace="RenokiCo\PhpK8s\Traits\Resource">
          <metrics complexity="2" methods="2" coveredmethods="0" conditionals="0" coveredconditionals="0" statements="2" coveredstatements="0" elements="4" coveredelements="0"/>
        </class>
        <line num="15" type="method" name="setReplicas" visibility="public" complexity="1" crap="2" count="0"/>
        <line num="17" type="stmt" count="0"/>
        <line num="25" type="method" name="getReplicas" visibility="public" complexity="1" crap="2" count="0"/>
        <line num="27" type="stmt" count="0"/>
        <metrics loc="30" ncloc="19" classes="1" methods="2" coveredmethods="0" conditionals="0" coveredconditionals="0" statements="2" coveredstatements="0" elements="4" coveredelements="0"/>
      </file>
      <file name="/home/scuppett/Development/php/php-k8s/src/Traits/Resource/HasRules.php">
        <class name="RenokiCo\PhpK8s\Traits\Resource\HasRules" namespace="RenokiCo\PhpK8s\Traits\Resource">
          <metrics complexity="10" methods="4" coveredmethods="0" conditionals="0" coveredconditionals="0" statements="15" coveredstatements="0" elements="19" coveredelements="0"/>
        </class>
        <line num="16" type="method" name="addRule" visibility="public" complexity="2" crap="6" count="0"/>
        <line num="18" type="stmt" count="0"/>
        <line num="19" type="stmt" count="0"/>
        <line num="22" type="stmt" count="0"/>
        <line num="31" type="method" name="addRules" visibility="public" complexity="2" crap="6" count="0"/>
        <line num="33" type="stmt" count="0"/>
        <line num="34" type="stmt" count="0"/>
        <line num="37" type="stmt" count="0"/>
        <line num="46" type="method" name="setRules" visibility="public" complexity="3" crap="12" count="0"/>
        <line num="48" type="stmt" count="0"/>
        <line num="49" type="stmt" count="0"/>
        <line num="50" type="stmt" count="0"/>
        <line num="54" type="stmt" count="0"/>
        <line num="63" type="method" name="getRules" visibility="public" complexity="3" crap="12" count="0"/>
        <line num="65" type="stmt" count="0"/>
        <line num="67" type="stmt" count="0"/>
        <line num="68" type="stmt" count="0"/>
        <line num="69" type="stmt" count="0"/>
        <line num="73" type="stmt" count="0"/>
        <metrics loc="76" ncloc="52" classes="1" methods="4" coveredmethods="0" conditionals="0" coveredconditionals="0" statements="15" coveredstatements="0" elements="19" coveredelements="0"/>
      </file>
      <file name="/home/scuppett/Development/php/php-k8s/src/Traits/Resource/HasSelector.php">
        <class name="RenokiCo\PhpK8s\Traits\Resource\HasSelector" namespace="RenokiCo\PhpK8s\Traits\Resource">
          <metrics complexity="2" methods="2" coveredmethods="0" conditionals="0" coveredconditionals="0" statements="2" coveredstatements="0" elements="4" coveredelements="0"/>
        </class>
        <line num="13" type="method" name="setSelectors" visibility="public" complexity="1" crap="2" count="0"/>
        <line num="15" type="stmt" count="0"/>
        <line num="23" type="method" name="getSelectors" visibility="public" complexity="1" crap="2" count="0"/>
        <line num="25" type="stmt" count="0"/>
        <metrics loc="28" ncloc="17" classes="1" methods="2" coveredmethods="0" conditionals="0" coveredconditionals="0" statements="2" coveredstatements="0" elements="4" coveredelements="0"/>
      </file>
      <file name="/home/scuppett/Development/php/php-k8s/src/Traits/Resource/HasSpec.php">
        <class name="RenokiCo\PhpK8s\Traits\Resource\HasSpec" namespace="RenokiCo\PhpK8s\Traits\Resource">
          <metrics complexity="4" methods="4" coveredmethods="3" conditionals="0" coveredconditionals="0" statements="4" coveredstatements="3" elements="8" coveredelements="6"/>
        </class>
        <line num="14" type="method" name="setSpec" visibility="public" complexity="1" crap="1" count="9"/>
        <line num="16" type="stmt" count="9"/>
        <line num="26" type="method" name="addToSpec" visibility="public" complexity="1" crap="1" count="5"/>
        <line num="28" type="stmt" count="5"/>
        <line num="38" type="method" name="getSpec" visibility="public" complexity="1" crap="1" count="9"/>
        <line num="40" type="stmt" count="9"/>
        <line num="49" type="method" name="removeSpec" visibility="public" complexity="1" crap="2" count="0"/>
        <line num="51" type="stmt" count="0"/>
        <metrics loc="54" ncloc="27" classes="1" methods="4" coveredmethods="3" conditionals="0" coveredconditionals="0" statements="4" coveredstatements="3" elements="8" coveredelements="6"/>
      </file>
      <file name="/home/scuppett/Development/php/php-k8s/src/Traits/Resource/HasStatus.php">
        <class name="RenokiCo\PhpK8s\Traits\Resource\HasStatus" namespace="RenokiCo\PhpK8s\Traits\Resource">
          <metrics complexity="1" methods="1" coveredmethods="0" conditionals="0" coveredconditionals="0" statements="1" coveredstatements="0" elements="2" coveredelements="0"/>
        </class>
        <line num="14" type="method" name="getStatus" visibility="public" complexity="1" crap="2" count="0"/>
        <line num="16" type="stmt" count="0"/>
        <metrics loc="19" ncloc="12" classes="1" methods="1" coveredmethods="0" conditionals="0" coveredconditionals="0" statements="1" coveredstatements="0" elements="2" coveredelements="0"/>
      </file>
      <file name="/home/scuppett/Development/php/php-k8s/src/Traits/Resource/HasStatusConditions.php">
        <class name="RenokiCo\PhpK8s\Traits\Resource\HasStatusConditions" namespace="RenokiCo\PhpK8s\Traits\Resource">
          <metrics complexity="1" methods="1" coveredmethods="0" conditionals="0" coveredconditionals="0" statements="1" coveredstatements="0" elements="2" coveredelements="0"/>
        </class>
        <line num="14" type="method" name="getConditions" visibility="public" complexity="1" crap="2" count="0"/>
        <line num="16" type="stmt" count="0"/>
        <metrics loc="19" ncloc="14" classes="1" methods="1" coveredmethods="0" conditionals="0" coveredconditionals="0" statements="1" coveredstatements="0" elements="2" coveredelements="0"/>
      </file>
      <file name="/home/scuppett/Development/php/php-k8s/src/Traits/Resource/HasStatusPhase.php">
        <class name="RenokiCo\PhpK8s\Traits\Resource\HasStatusPhase" namespace="RenokiCo\PhpK8s\Traits\Resource">
          <metrics complexity="1" methods="1" coveredmethods="0" conditionals="0" coveredconditionals="0" statements="1" coveredstatements="0" elements="2" coveredelements="0"/>
        </class>
        <line num="14" type="method" name="getPhase" visibility="public" complexity="1" crap="2" count="0"/>
        <line num="16" type="stmt" count="0"/>
        <metrics loc="19" ncloc="14" classes="1" methods="1" coveredmethods="0" conditionals="0" coveredconditionals="0" statements="1" coveredstatements="0" elements="2" coveredelements="0"/>
      </file>
      <file name="/home/scuppett/Development/php/php-k8s/src/Traits/Resource/HasStorageClass.php">
        <class name="RenokiCo\PhpK8s\Traits\Resource\HasStorageClass" namespace="RenokiCo\PhpK8s\Traits\Resource">
          <metrics complexity="3" methods="2" coveredmethods="0" conditionals="0" coveredconditionals="0" statements="4" coveredstatements="0" elements="6" coveredelements="0"/>
        </class>
        <line num="15" type="method" name="setStorageClass" visibility="public" complexity="2" crap="6" count="0"/>
        <line num="17" type="stmt" count="0"/>
        <line num="18" type="stmt" count="0"/>
        <line num="21" type="stmt" count="0"/>
        <line num="29" type="method" name="getStorageClass" visibility="public" complexity="1" crap="2" count="0"/>
        <line num="31" type="stmt" count="0"/>
        <metrics loc="34" ncloc="23" classes="1" methods="2" coveredmethods="0" conditionals="0" coveredconditionals="0" statements="4" coveredstatements="0" elements="6" coveredelements="0"/>
      </file>
      <file name="/home/scuppett/Development/php/php-k8s/src/Traits/Resource/HasSubjects.php">
        <class name="RenokiCo\PhpK8s\Traits\Resource\HasSubjects" namespace="RenokiCo\PhpK8s\Traits\Resource">
          <metrics complexity="10" methods="4" coveredmethods="0" conditionals="0" coveredconditionals="0" statements="15" coveredstatements="0" elements="19" coveredelements="0"/>
        </class>
        <line num="16" type="method" name="addSubject" visibility="public" complexity="2" crap="6" count="0"/>
        <line num="18" type="stmt" count="0"/>
        <line num="19" type="stmt" count="0"/>
        <line num="22" type="stmt" count="0"/>
        <line num="31" type="method" name="addSubjects" visibility="public" complexity="2" crap="6" count="0"/>
        <line num="33" type="stmt" count="0"/>
        <line num="34" type="stmt" count="0"/>
        <line num="37" type="stmt" count="0"/>
        <line num="46" type="method" name="setSubjects" visibility="public" complexity="3" crap="12" count="0"/>
        <line num="48" type="stmt" count="0"/>
        <line num="49" type="stmt" count="0"/>
        <line num="50" type="stmt" count="0"/>
        <line num="54" type="stmt" count="0"/>
        <line num="63" type="method" name="getSubjects" visibility="public" complexity="3" crap="12" count="0"/>
        <line num="65" type="stmt" count="0"/>
        <line num="67" type="stmt" count="0"/>
        <line num="68" type="stmt" count="0"/>
        <line num="69" type="stmt" count="0"/>
        <line num="73" type="stmt" count="0"/>
        <metrics loc="76" ncloc="52" classes="1" methods="4" coveredmethods="0" conditionals="0" coveredconditionals="0" statements="15" coveredstatements="0" elements="19" coveredelements="0"/>
      </file>
      <file name="/home/scuppett/Development/php/php-k8s/src/Traits/Resource/HasTemplate.php">
        <class name="RenokiCo\PhpK8s\Traits\Resource\HasTemplate" namespace="RenokiCo\PhpK8s\Traits\Resource">
          <metrics complexity="4" methods="2" coveredmethods="0" conditionals="0" coveredconditionals="0" statements="7" coveredstatements="0" elements="9" coveredelements="0"/>
        </class>
        <line num="15" type="method" name="setTemplate" visibility="public" complexity="2" crap="6" count="0"/>
        <line num="17" type="stmt" count="0"/>
        <line num="18" type="stmt" count="0"/>
        <line num="21" type="stmt" count="0"/>
        <line num="30" type="method" name="getTemplate" visibility="public" complexity="2" crap="6" count="0"/>
        <line num="32" type="stmt" count="0"/>
        <line num="34" type="stmt" count="0"/>
        <line num="35" type="stmt" count="0"/>
        <line num="38" type="stmt" count="0"/>
        <metrics loc="41" ncloc="29" classes="1" methods="2" coveredmethods="0" conditionals="0" coveredconditionals="0" statements="7" coveredstatements="0" elements="9" coveredelements="0"/>
      </file>
      <file name="/home/scuppett/Development/php/php-k8s/src/Traits/Resource/HasVersion.php">
        <class name="RenokiCo\PhpK8s\Traits\Resource\HasVersion" namespace="RenokiCo\PhpK8s\Traits\Resource">
          <metrics complexity="3" methods="3" coveredmethods="0" conditionals="0" coveredconditionals="0" statements="3" coveredstatements="0" elements="6" coveredelements="0"/>
        </class>
        <line num="22" type="method" name="setDefaultVersion" visibility="public" complexity="1" crap="2" count="0"/>
        <line num="24" type="stmt" count="0"/>
        <line num="32" type="method" name="getDefaultVersion" visibility="public" complexity="1" crap="2" count="0"/>
        <line num="34" type="stmt" count="0"/>
        <line num="44" type="method" name="getApiVersion" visibility="public" complexity="1" crap="2" count="0"/>
        <line num="46" type="stmt" count="0"/>
        <metrics loc="49" ncloc="26" classes="1" methods="3" coveredmethods="0" conditionals="0" coveredconditionals="0" statements="3" coveredstatements="0" elements="6" coveredelements="0"/>
      </file>
      <file name="/home/scuppett/Development/php/php-k8s/src/Traits/Resource/HasWebhooks.php">
        <class name="RenokiCo\PhpK8s\Traits\Resource\HasWebhooks" namespace="RenokiCo\PhpK8s\Traits\Resource">
          <metrics complexity="10" methods="5" coveredmethods="0" conditionals="0" coveredconditionals="0" statements="22" coveredstatements="0" elements="27" coveredelements="0"/>
        </class>
        <line num="15" type="method" name="getWebhooks" visibility="public" complexity="3" crap="12" count="0"/>
        <line num="17" type="stmt" count="0"/>
        <line num="19" type="stmt" count="0"/>
        <line num="20" type="stmt" count="0"/>
        <line num="21" type="stmt" count="0"/>
        <line num="25" type="stmt" count="0"/>
        <line num="34" type="method" name="setWebhooks" visibility="public" complexity="1" crap="2" count="0"/>
        <line num="36" type="stmt" count="0"/>
        <line num="37" type="stmt" count="0"/>
        <line num="38" type="stmt" count="0"/>
        <line num="39" type="stmt" count="0"/>
        <line num="49" type="method" name="getWebhook" visibility="public" complexity="2" crap="6" count="0"/>
        <line num="51" type="stmt" count="0"/>
        <line num="52" type="stmt" count="0"/>
        <line num="53" type="stmt" count="0"/>
        <line num="54" type="stmt" count="0"/>
        <line num="56" type="stmt" count="0"/>
        <line num="57" type="stmt" count="0"/>
        <line num="66" type="method" name="setOrUpdateWebhooks" visibility="public" complexity="1" crap="2" count="0"/>
        <line num="68" type="stmt" count="0"/>
        <line num="69" type="stmt" count="0"/>
        <line num="70" type="stmt" count="0"/>
        <line num="79" type="method" name="transformWebhooksToArray" visibility="protected" complexity="3" crap="12" count="0"/>
        <line num="81" type="stmt" count="0"/>
        <line num="82" type="stmt" count="0"/>
        <line num="83" type="stmt" count="0"/>
        <line num="87" type="stmt" count="0"/>
        <metrics loc="90" ncloc="59" classes="1" methods="5" coveredmethods="0" conditionals="0" coveredconditionals="0" statements="22" coveredstatements="0" elements="27" coveredelements="0"/>
      </file>
      <file name="/home/scuppett/Development/php/php-k8s/src/Traits/Resource/IsImmutable.php">
        <class name="RenokiCo\PhpK8s\Traits\Resource\IsImmutable" namespace="RenokiCo\PhpK8s\Traits\Resource">
          <metrics complexity="2" methods="2" coveredmethods="0" conditionals="0" coveredconditionals="0" statements="2" coveredstatements="0" elements="4" coveredelements="0"/>
        </class>
        <line num="12" type="method" name="immutable" visibility="public" complexity="1" crap="2" count="0"/>
        <line num="14" type="stmt" count="0"/>
        <line num="22" type="method" name="isImmutable" visibility="public" complexity="1" crap="2" count="0"/>
        <line num="24" type="stmt" count="0"/>
        <metrics loc="27" ncloc="17" classes="1" methods="2" coveredmethods="0" conditionals="0" coveredconditionals="0" statements="2" coveredstatements="0" elements="4" coveredelements="0"/>
      </file>
    </package>
    <metrics files="95" loc="8468" ncloc="5099" classes="70" methods="430" coveredmethods="95" conditionals="0" coveredconditionals="0" statements="1408" coveredstatements="307" elements="1838" coveredelements="402"/>
  </project>
</coverage>
